<?xml version="1.0" encoding="UTF-8" ?>
<testsuite errors="1" failures="0" hostname="Erics-MacBook-Pro.local" name="ca.mcgill.ecse321.urlms.persistence.TestPersistence" skipped="0" tests="1" time="0.0" timestamp="2017-11-13T16:52:13">
  <properties>
    <property name="java.vendor" value="Oracle Corporation" />
    <property name="sun.java.launcher" value="SUN_STANDARD" />
    <property name="env.XPC_SERVICE_NAME" value="0" />
    <property name="sun.management.compiler" value="HotSpot 64-Bit Tiered Compilers" />
    <property name="os.name" value="Mac OS X" />
    <property name="sun.boot.class.path" value="/Library/Java/JavaVirtualMachines/jdk1.8.0_60.jdk/Contents/Home/jre/lib/resources.jar:/Library/Java/JavaVirtualMachines/jdk1.8.0_60.jdk/Contents/Home/jre/lib/rt.jar:/Library/Java/JavaVirtualMachines/jdk1.8.0_60.jdk/Contents/Home/jre/lib/sunrsasign.jar:/Library/Java/JavaVirtualMachines/jdk1.8.0_60.jdk/Contents/Home/jre/lib/jsse.jar:/Library/Java/JavaVirtualMachines/jdk1.8.0_60.jdk/Contents/Home/jre/lib/jce.jar:/Library/Java/JavaVirtualMachines/jdk1.8.0_60.jdk/Contents/Home/jre/lib/charsets.jar:/Library/Java/JavaVirtualMachines/jdk1.8.0_60.jdk/Contents/Home/jre/lib/jfr.jar:/Library/Java/JavaVirtualMachines/jdk1.8.0_60.jdk/Contents/Home/jre/classes" />
    <property name="env.TMPDIR" value="/var/folders/_n/vfdf8h0s5kd93d6kc6jymjnw0000gn/T/" />
    <property name="env.PWD" value="/Users/ericvuong/dropbox/mcgill/fall2017/ise/project/git/p8/Submission1/Desktop/URLMS" />
    <property name="env.LANG" value="en_CA.UTF-8" />
    <property name="java.vm.specification.vendor" value="Oracle Corporation" />
    <property name="env.JAVA_MAIN_CLASS_28146" value="org.apache.tools.ant.launch.Launcher" />
    <property name="ant.home" value="/usr/local/Cellar/ant/1.10.1/libexec" />
    <property name="java.runtime.version" value="1.8.0_60-b27" />
    <property name="env.Apple_PubSub_Socket_Render" value="/private/tmp/com.apple.launchd.hvnvHcvKt0/Render" />
    <property name="env.DISPLAY" value="/private/tmp/com.apple.launchd.OEB2rTP15H/org.macosforge.xquartz:0" />
    <property name="user.name" value="ericvuong" />
    <property name="env.USER" value="ericvuong" />
    <property name="env.SHELL" value="/bin/bash" />
    <property name="env.__CF_USER_TEXT_ENCODING" value="0x1F5:0x0:0x52" />
    <property name="env.PATH" value="/usr/local/bin:/usr/bin:/bin:/usr/sbin:/sbin:/opt/X11/bin" />
    <property name="user.language" value="en" />
    <property name="sun.boot.library.path" value="/Library/Java/JavaVirtualMachines/jdk1.8.0_60.jdk/Contents/Home/jre/lib" />
    <property name="ant.project.default-target" value="build" />
    <property name="env.XPC_FLAGS" value="0x0" />
    <property name="ant.project.name" value="URLMS" />
    <property name="java.version" value="1.8.0_60" />
    <property name="user.timezone" value="" />
    <property name="sun.arch.data.model" value="64" />
    <property name="http.nonProxyHosts" value="local|*.local|169.254/16|*.169.254/16" />
    <property name="java.endorsed.dirs" value="/Library/Java/JavaVirtualMachines/jdk1.8.0_60.jdk/Contents/Home/jre/lib/endorsed" />
    <property name="sun.cpu.isalist" value="" />
    <property name="sun.jnu.encoding" value="UTF-8" />
    <property name="file.encoding.pkg" value="sun.io" />
    <property name="env.SHLVL" value="2" />
    <property name="ECLIPSE_HOME" value="../../../../../../../../../../../../Applications/Eclipse.app/Contents/MacOS/" />
    <property name="file.separator" value="/" />
    <property name="java.specification.name" value="Java Platform API Specification" />
    <property name="java.class.version" value="52.0" />
    <property name="user.country" value="CA" />
    <property name="java.home" value="/Library/Java/JavaVirtualMachines/jdk1.8.0_60.jdk/Contents/Home/jre" />
    <property name="java.vm.info" value="mixed mode" />
    <property name="env.LOGNAME" value="ericvuong" />
    <property name="ant.file" value="/Users/ericvuong/Dropbox/McGill/Fall2017/ISE/PROJECT/Git/P8/Submission1/Desktop/URLMS/build.xml" />
    <property name="os.version" value="10.12.4" />
    <property name="env.TERM_PROGRAM_VERSION" value="388.1" />
    <property name="path.separator" value=":" />
    <property name="java.vm.version" value="25.60-b23" />
    <property name="ant.library.dir" value="/usr/local/Cellar/ant/1.10.1/libexec/lib" />
    <property name="junit.output.dir" value="junit" />
    <property name="java.awt.printerjob" value="sun.lwawt.macosx.CPrinterJob" />
    <property name="env.TERM" value="xterm-256color" />
    <property name="sun.io.unicode.encoding" value="UnicodeBig" />
    <property name="awt.toolkit" value="sun.lwawt.macosx.LWCToolkit" />
    <property name="socksNonProxyHosts" value="local|*.local|169.254/16|*.169.254/16" />
    <property name="ftp.nonProxyHosts" value="local|*.local|169.254/16|*.169.254/16" />
    <property name="user.home" value="/Users/ericvuong" />
    <property name="target" value="1.7" />
    <property name="java.specification.vendor" value="Oracle Corporation" />
    <property name="env.TERM_PROGRAM" value="Apple_Terminal" />
    <property name="java.library.path" value="/Users/ericvuong/Library/Java/Extensions:/Library/Java/Extensions:/Network/Library/Java/Extensions:/System/Library/Java/Extensions:/usr/lib/java:." />
    <property name="java.vendor.url" value="http://java.oracle.com/" />
    <property name="java.vm.vendor" value="Oracle Corporation" />
    <property name="gopherProxySet" value="false" />
    <property name="java.runtime.name" value="Java(TM) SE Runtime Environment" />
    <property name="sun.java.command" value="org.apache.tools.ant.taskdefs.optional.junit.JUnitTestRunner ca.mcgill.ecse321.urlms.persistence.TestPersistence skipNonTests=false filtertrace=true haltOnError=false haltOnFailure=false formatter=org.apache.tools.ant.taskdefs.optional.junit.OutErrSummaryJUnitResultFormatter showoutput=false outputtoformatters=true logfailedtests=true threadid=0 logtestlistenerevents=false formatter=org.apache.tools.ant.taskdefs.optional.junit.XMLJUnitResultFormatter,/Users/ericvuong/Dropbox/McGill/Fall2017/ISE/PROJECT/Git/P8/Submission1/Desktop/URLMS/junit/TEST-ca.mcgill.ecse321.urlms.persistence.TestPersistence.xml crashfile=/Users/ericvuong/Dropbox/McGill/Fall2017/ISE/PROJECT/Git/P8/Submission1/Desktop/URLMS/junitvmwatcher3665144181141881684.properties propsfile=/Users/ericvuong/Dropbox/McGill/Fall2017/ISE/PROJECT/Git/P8/Submission1/Desktop/URLMS/junit1180359682029442404.properties" />
    <property name="java.class.path" value="/Users/ericvuong/Dropbox/McGill/Fall2017/ISE/PROJECT/Git/P8/Submission1/Desktop/URLMS/bin:/Users/ericvuong/Dropbox/McGill/Fall2017/ISE/PROJECT/Git/P8/Submission1/Desktop/URLMS/src/lib/xmlpull-1.1.3.1.jar:/Users/ericvuong/Dropbox/McGill/Fall2017/ISE/PROJECT/Git/P8/Submission1/Desktop/URLMS/src/lib/xpp3_min-1.1.4c.jar:/Users/ericvuong/Dropbox/McGill/Fall2017/ISE/PROJECT/Git/P8/Submission1/Desktop/URLMS/src/lib/xstream-1.4.7.jar:/Users/ericvuong/.p2/pool/plugins/org.junit_4.12.0.v201504281640/junit.jar:/Users/ericvuong/.p2/pool/plugins/org.hamcrest.core_1.3.0.v201303031735.jar:/usr/local/Cellar/ant/1.10.1/libexec/lib/ant-launcher.jar:/usr/local/Cellar/ant/1.10.1/libexec/lib/ant.jar:/usr/local/Cellar/ant/1.10.1/libexec/lib/ant-junit.jar:/usr/local/Cellar/ant/1.10.1/libexec/lib/ant-junit4.jar" />
    <property name="ant.version" value="Apache Ant(TM) version 1.10.1 compiled on February 2 2017" />
    <property name="env.TERM_SESSION_ID" value="55ADC146-9238-48F3-855C-405B703E5A25" />
    <property name="java.vm.specification.name" value="Java Virtual Machine Specification" />
    <property name="ant.file.type" value="file" />
    <property name="java.vm.specification.version" value="1.8" />
    <property name="sun.os.patch.level" value="unknown" />
    <property name="sun.cpu.endian" value="little" />
    <property name="env.HOME" value="/Users/ericvuong" />
    <property name="debuglevel" value="source,lines,vars" />
    <property name="java.io.tmpdir" value="/var/folders/_n/vfdf8h0s5kd93d6kc6jymjnw0000gn/T/" />
    <property name="java.vendor.url.bug" value="http://bugreport.sun.com/bugreport/" />
    <property name="env.SSH_AUTH_SOCK" value="/private/tmp/com.apple.launchd.4rBd3SDsHw/Listeners" />
    <property name="ant.file.type.URLMS" value="file" />
    <property name="java.awt.graphicsenv" value="sun.awt.CGraphicsEnvironment" />
    <property name="os.arch" value="x86_64" />
    <property name="java.ext.dirs" value="/Users/ericvuong/Library/Java/Extensions:/Library/Java/JavaVirtualMachines/jdk1.8.0_60.jdk/Contents/Home/jre/lib/ext:/Library/Java/Extensions:/Network/Library/Java/Extensions:/System/Library/Java/Extensions:/usr/lib/java" />
    <property name="user.dir" value="/Users/ericvuong/Dropbox/McGill/Fall2017/ISE/PROJECT/Git/P8/Submission1/Desktop/URLMS" />
    <property name="ant.file.URLMS" value="/Users/ericvuong/Dropbox/McGill/Fall2017/ISE/PROJECT/Git/P8/Submission1/Desktop/URLMS/build.xml" />
    <property name="line.separator" value="&#xa;" />
    <property name="java.vm.name" value="Java HotSpot(TM) 64-Bit Server VM" />
    <property name="basedir" value="/Users/ericvuong/Dropbox/McGill/Fall2017/ISE/PROJECT/Git/P8/Submission1/Desktop/URLMS" />
    <property name="ant.java.version" value="1.8" />
    <property name="ant.core.lib" value="/usr/local/Cellar/ant/1.10.1/libexec/lib/ant.jar" />
    <property name="source" value="1.7" />
    <property name="file.encoding" value="UTF-8" />
    <property name="java.specification.version" value="1.8" />
    <property name="ant.project.invoked-targets" value="TestPersistence" />
  </properties>
  <error message="ca.mcgill.ecse321.urlms.persistence.TestPersistence" type="java.lang.ClassNotFoundException">java.lang.ClassNotFoundException: ca.mcgill.ecse321.urlms.persistence.TestPersistence
	at java.net.URLClassLoader.findClass(URLClassLoader.java:381)
	at java.lang.ClassLoader.loadClass(ClassLoader.java:424)
	at sun.misc.Launcher$AppClassLoader.loadClass(Launcher.java:331)
	at java.lang.ClassLoader.loadClass(ClassLoader.java:357)
	at java.lang.Class.forName0(Native Method)
	at java.lang.Class.forName(Class.java:264)
</error>
  <system-out><![CDATA[]]></system-out>
  <system-err><![CDATA[]]></system-err>
</testsuite>
